<?xml version="1.0" encoding="UTF-8" standalone="no"?>
<window xmlns="http://jmix.io/schema/ui/window"
        caption="msg://testTenantEntityBrowse.caption"
        focusComponent="testTenantEntitiesTable">
    <data readOnly="true">
        <collection id="testTenantEntitiesDc"
                    class="com.company.multitenancy_sample.entity.TestTenantEntity">
            <fetchPlan extends="_base"/>
            <loader id="testTenantEntitiesDl">
                <query>
                    <![CDATA[select e from mtensmp_TestTenantEntity e]]>
                </query>
            </loader>
        </collection>
    </data>
    <facets>
        <dataLoadCoordinator auto="true"/>
        <screenSettings id="settingsFacet" auto="true"/>
    </facets>
    <actions>
        <action id="lookupSelectAction"
                caption="msg:///actions.Select"
                icon="LOOKUP_OK"
                primary="true"
                shortcut="${COMMIT_SHORTCUT}"/>
        <action id="lookupCancelAction"
                caption="msg:///actions.Cancel"
                icon="LOOKUP_CANCEL"/>
    </actions>
    <dialogMode height="600"
                width="800"/>
    <layout expand="testTenantEntitiesTable" spacing="true">
        <filter id="filter"
                dataLoader="testTenantEntitiesDl">
            <properties include=".*"/>
        </filter>
        <groupTable id="testTenantEntitiesTable"
                    width="100%"
                    dataContainer="testTenantEntitiesDc">
            <actions>
                <action id="create" type="create"/>
                <action id="edit" type="edit"/>
                <action id="remove" type="remove"/>
            </actions>
            <columns>
                <column id="name"/>
                <column id="tenantAttribute"/>
            </columns>
            <simplePagination/>
            <buttonsPanel id="buttonsPanel"
                          alwaysVisible="true">
                <button id="createBtn" action="testTenantEntitiesTable.create"/>
                <button id="editBtn" action="testTenantEntitiesTable.edit"/>
                <button id="removeBtn" action="testTenantEntitiesTable.remove"/>
            </buttonsPanel>
        </groupTable>
        <hbox id="lookupActions" spacing="true" visible="false">
            <button action="lookupSelectAction"/>
            <button action="lookupCancelAction"/>
        </hbox>
    </layout>
</window>
